<?xml version="1.0" encoding="UTF-8"?>
<testng-results ignored="0" total="1" passed="1" failed="0" skipped="0">
  <reporter-output>
  </reporter-output>
  <suite started-at="2022-10-04T21:17:13 IST" name="Default suite" finished-at="2022-10-04T21:17:29 IST" duration-ms="16100">
    <groups>
    </groups>
    <test started-at="2022-10-04T21:17:13 IST" name="Default test" finished-at="2022-10-04T21:17:29 IST" duration-ms="16100">
      <class name="appiumtest.mobileDevice">
        <test-method is-config="true" signature="setup()[pri:0, instance:appiumtest.mobileDevice@2accdbb5]" started-at="2022-10-04T21:17:13 IST" name="setup" finished-at="2022-10-04T21:17:24 IST" duration-ms="10695" status="PASS">
          <reporter-output>
          </reporter-output>
        </test-method> <!-- setup -->
        <test-method signature="basicTest()[pri:0, instance:appiumtest.mobileDevice@2accdbb5]" started-at="2022-10-04T21:17:24 IST" name="basicTest" finished-at="2022-10-04T21:17:29 IST" duration-ms="4747" status="PASS">
          <reporter-output>
          </reporter-output>
        </test-method> <!-- basicTest -->
        <test-method is-config="true" signature="teardown()[pri:0, instance:appiumtest.mobileDevice@2accdbb5]" started-at="2022-10-04T21:17:29 IST" name="teardown" finished-at="2022-10-04T21:17:29 IST" duration-ms="627" status="PASS">
          <reporter-output>
          </reporter-output>
        </test-method> <!-- teardown -->
      </class> <!-- appiumtest.mobileDevice -->
    </test> <!-- Default test -->
  </suite> <!-- Default suite -->
</testng-results>
